  Scanning sources for module dependencies...
  Microsoft (R) C/C++ Optimizing Compiler Version 19.39.33522 for x64
  Copyright (C) Microsoft Corporation.  All rights reserved.
  /std:c++latest is provided as a preview of language features from the latest C++
  working draft, and we're eager to hear about bugs and suggestions for improvements.
  However, note that these features are provided as-is without support, and subject
  to changes or removal as the working draft evolves. See
  https://go.microsoft.com/fwlink/?linkid=2045807 for details.
  Experimental features are provided as a preview of proposed language features,
  and we're eager to hear about bugs and suggestions for improvements. However,
  note that these experimental features are non-standard, provided as-is without
  support, and subject to breaking changes or removal without notice. See
  http://go.microsoft.com/fwlink/?LinkID=691081 for details.
  cl /c /I"C:\Users\ehugo\source\repos\Alcia 2.0\packages\native.magic_enum.0.9.5\build\native\../..//build/native/include/" /I"C:\Users\ehugo\vcpkg\vcpkg\installed\x64-windows\include" /reference "std=C:\Users\ehugo\source\repos\Alcia 2.0\Alcia 2.0\x64\Debug\microsoft\STL\std.ixx.ifc" /reference "std.compat=C:\Users\ehugo\source\repos\Alcia 2.0\Alcia 2.0\x64\Debug\microsoft\STL\std.compat.ixx.ifc" /Wall /WX /diagnostics:column /sdl /MP /Od /Oi /Ot /D _DEBUG /D _CONSOLE /D _UNICODE /D UNICODE /GF /Gm- /EHsc /RTC1 /MDd /GS /fp:precise /fp:except /Zc:wchar_t /Zc:forScope /Zc:inline /Zc:rvalueCast /GR /std:c++latest /permissive- /experimental:module /stdIfcDir "C:\Program Files\Microsoft Visual Studio\2022\Community\VC\Tools\MSVC\14.39.33519\ifc\x64" /Fo"Alcia 2.0\x64\Debug\\" /Fd"Alcia 2.0\x64\Debug\vc143.pdb" /external:W4 /Gd /TP /FC /errorReport:prompt /Qspectre BaseMonster.cpp Character.cpp Hero.cpp MonsterFactory.cpp main.cpp
  cl /c /I"C:\Users\ehugo\source\repos\Alcia 2.0\packages\native.magic_enum.0.9.5\build\native\../..//build/native/include/" /I"C:\Users\ehugo\vcpkg\vcpkg\installed\x64-windows\include" /reference "std=C:\Users\ehugo\source\repos\Alcia 2.0\Alcia 2.0\x64\Debug\microsoft\STL\std.ixx.ifc" /reference "std.compat=C:\Users\ehugo\source\repos\Alcia 2.0\Alcia 2.0\x64\Debug\microsoft\STL\std.compat.ixx.ifc" /Wall /WX /diagnostics:column /sdl /MP /Od /Oi /Ot /D _DEBUG /D _CONSOLE /D _UNICODE /D UNICODE /GF /Gm- /EHsc /RTC1 /MDd /GS /fp:precise /fp:except /Zc:wchar_t /Zc:forScope /Zc:inline /Zc:rvalueCast /GR /std:c++latest /permissive- /experimental:module /stdIfcDir "C:\Program Files\Microsoft Visual Studio\2022\Community\VC\Tools\MSVC\14.39.33519\ifc\x64" /Fo"Alcia 2.0\x64\Debug\\" /Fd"Alcia 2.0\x64\Debug\vc143.pdb" /external:W4 /Gd /TP /FC /errorReport:prompt /Qspectre BaseMonster.cpp Character.cpp Hero.cpp MonsterFactory.cpp main.cpp
  cl /c /I"C:\Users\ehugo\source\repos\Alcia 2.0\packages\native.magic_enum.0.9.5\build\native\../..//build/native/include/" /I"C:\Users\ehugo\vcpkg\vcpkg\installed\x64-windows\include" /reference "std=C:\Users\ehugo\source\repos\Alcia 2.0\Alcia 2.0\x64\Debug\microsoft\STL\std.ixx.ifc" /reference "std.compat=C:\Users\ehugo\source\repos\Alcia 2.0\Alcia 2.0\x64\Debug\microsoft\STL\std.compat.ixx.ifc" /Wall /WX /diagnostics:column /sdl /MP /Od /Oi /Ot /D _DEBUG /D _CONSOLE /D _UNICODE /D UNICODE /GF /Gm- /EHsc /RTC1 /MDd /GS /fp:precise /fp:except /Zc:wchar_t /Zc:forScope /Zc:inline /Zc:rvalueCast /GR /std:c++latest /permissive- /experimental:module /stdIfcDir "C:\Program Files\Microsoft Visual Studio\2022\Community\VC\Tools\MSVC\14.39.33519\ifc\x64" /Fo"Alcia 2.0\x64\Debug\\" /Fd"Alcia 2.0\x64\Debug\vc143.pdb" /external:W4 /Gd /TP /FC /errorReport:prompt /Qspectre BaseMonster.cpp Character.cpp Hero.cpp MonsterFactory.cpp main.cpp
  BaseMonster.cpp
  cl /c /I"C:\Users\ehugo\source\repos\Alcia 2.0\packages\native.magic_enum.0.9.5\build\native\../..//build/native/include/" /I"C:\Users\ehugo\vcpkg\vcpkg\installed\x64-windows\include" /reference "std=C:\Users\ehugo\source\repos\Alcia 2.0\Alcia 2.0\x64\Debug\microsoft\STL\std.ixx.ifc" /reference "std.compat=C:\Users\ehugo\source\repos\Alcia 2.0\Alcia 2.0\x64\Debug\microsoft\STL\std.compat.ixx.ifc" /Wall /WX /diagnostics:column /sdl /MP /Od /Oi /Ot /D _DEBUG /D _CONSOLE /D _UNICODE /D UNICODE /GF /Gm- /EHsc /RTC1 /MDd /GS /fp:precise /fp:except /Zc:wchar_t /Zc:forScope /Zc:inline /Zc:rvalueCast /GR /std:c++latest /permissive- /experimental:module /stdIfcDir "C:\Program Files\Microsoft Visual Studio\2022\Community\VC\Tools\MSVC\14.39.33519\ifc\x64" /Fo"Alcia 2.0\x64\Debug\\" /Fd"Alcia 2.0\x64\Debug\vc143.pdb" /external:W4 /Gd /TP /FC /errorReport:prompt /Qspectre BaseMonster.cpp Character.cpp Hero.cpp MonsterFactory.cpp main.cpp
  Character.cpp
  cl /c /I"C:\Users\ehugo\source\repos\Alcia 2.0\packages\native.magic_enum.0.9.5\build\native\../..//build/native/include/" /I"C:\Users\ehugo\vcpkg\vcpkg\installed\x64-windows\include" /reference "std=C:\Users\ehugo\source\repos\Alcia 2.0\Alcia 2.0\x64\Debug\microsoft\STL\std.ixx.ifc" /reference "std.compat=C:\Users\ehugo\source\repos\Alcia 2.0\Alcia 2.0\x64\Debug\microsoft\STL\std.compat.ixx.ifc" /Wall /WX /diagnostics:column /sdl /MP /Od /Oi /Ot /D _DEBUG /D _CONSOLE /D _UNICODE /D UNICODE /GF /Gm- /EHsc /RTC1 /MDd /GS /fp:precise /fp:except /Zc:wchar_t /Zc:forScope /Zc:inline /Zc:rvalueCast /GR /std:c++latest /permissive- /experimental:module /stdIfcDir "C:\Program Files\Microsoft Visual Studio\2022\Community\VC\Tools\MSVC\14.39.33519\ifc\x64" /Fo"Alcia 2.0\x64\Debug\\" /Fd"Alcia 2.0\x64\Debug\vc143.pdb" /external:W4 /Gd /TP /FC /errorReport:prompt /Qspectre BaseMonster.cpp Character.cpp Hero.cpp MonsterFactory.cpp main.cpp
  cl /c /I"C:\Users\ehugo\source\repos\Alcia 2.0\packages\native.magic_enum.0.9.5\build\native\../..//build/native/include/" /I"C:\Users\ehugo\vcpkg\vcpkg\installed\x64-windows\include" /reference "std=C:\Users\ehugo\source\repos\Alcia 2.0\Alcia 2.0\x64\Debug\microsoft\STL\std.ixx.ifc" /reference "std.compat=C:\Users\ehugo\source\repos\Alcia 2.0\Alcia 2.0\x64\Debug\microsoft\STL\std.compat.ixx.ifc" /Wall /WX /diagnostics:column /sdl /MP /Od /Oi /Ot /D _DEBUG /D _CONSOLE /D _UNICODE /D UNICODE /GF /Gm- /EHsc /RTC1 /MDd /GS /fp:precise /fp:except /Zc:wchar_t /Zc:forScope /Zc:inline /Zc:rvalueCast /GR /std:c++latest /permissive- /experimental:module /stdIfcDir "C:\Program Files\Microsoft Visual Studio\2022\Community\VC\Tools\MSVC\14.39.33519\ifc\x64" /Fo"Alcia 2.0\x64\Debug\\" /Fd"Alcia 2.0\x64\Debug\vc143.pdb" /external:W4 /Gd /TP /FC /errorReport:prompt /Qspectre BaseMonster.cpp Character.cpp Hero.cpp MonsterFactory.cpp main.cpp
  Hero.cpp
  MonsterFactory.cpp
  main.cpp
  Alcia 2.0.vcxproj -> C:\Users\ehugo\source\repos\Alcia 2.0\x64\Debug\Alcia 2.0.exe
